ERROR - 2024-07-26 14:12:44 --> mysqli_sql_exception: Column 'reservacion_id' cannot be null in C:\xampp\htdocs\fs2024\ci4_hotel\system\Database\MySQLi\Connection.php:312
Stack trace:
#0 C:\xampp\htdocs\fs2024\ci4_hotel\system\Database\MySQLi\Connection.php(312): mysqli->query('INSERT INTO `re...', 0)
#1 C:\xampp\htdocs\fs2024\ci4_hotel\system\Database\BaseConnection.php(734): CodeIgniter\Database\MySQLi\Connection->execute('INSERT INTO `re...')
#2 C:\xampp\htdocs\fs2024\ci4_hotel\system\Database\BaseConnection.php(648): CodeIgniter\Database\BaseConnection->simpleQuery('INSERT INTO `re...')
#3 C:\xampp\htdocs\fs2024\ci4_hotel\system\Database\BaseBuilder.php(2332): CodeIgniter\Database\BaseConnection->query('INSERT INTO `re...', Array, false)
#4 C:\xampp\htdocs\fs2024\ci4_hotel\system\Model.php(394): CodeIgniter\Database\BaseBuilder->insert()
#5 C:\xampp\htdocs\fs2024\ci4_hotel\system\BaseModel.php(840): CodeIgniter\Model->doInsert(Array)
#6 C:\xampp\htdocs\fs2024\ci4_hotel\system\Model.php(802): CodeIgniter\BaseModel->insert(Array, true)
#7 C:\xampp\htdocs\fs2024\ci4_hotel\app\Controllers\ReservacionesController.php(32): CodeIgniter\Model->insert(Array)
#8 C:\xampp\htdocs\fs2024\ci4_hotel\system\CodeIgniter.php(933): App\Controllers\ReservacionesController->agregarReservacion()
#9 C:\xampp\htdocs\fs2024\ci4_hotel\system\CodeIgniter.php(509): CodeIgniter\CodeIgniter->runController(Object(App\Controllers\ReservacionesController))
#10 C:\xampp\htdocs\fs2024\ci4_hotel\system\CodeIgniter.php(355): CodeIgniter\CodeIgniter->handleRequest(NULL, Object(Config\Cache), false)
#11 C:\xampp\htdocs\fs2024\ci4_hotel\system\Boot.php(325): CodeIgniter\CodeIgniter->run()
#12 C:\xampp\htdocs\fs2024\ci4_hotel\system\Boot.php(67): CodeIgniter\Boot::runCodeIgniter(Object(CodeIgniter\CodeIgniter))
#13 C:\xampp\htdocs\fs2024\ci4_hotel\public\index.php(56): CodeIgniter\Boot::bootWeb(Object(Config\Paths))
#14 {main}
CRITICAL - 2024-07-26 14:12:44 --> CodeIgniter\Database\Exceptions\DatabaseException: Column 'reservacion_id' cannot be null
[Method: POST, Route: agregar_reservacion]
in SYSTEMPATH\Database\BaseConnection.php on line 688.
 1 SYSTEMPATH\Database\BaseBuilder.php(2332): CodeIgniter\Database\BaseConnection->query('INSERT INTO `reservaciones` (`reservacion_id`, `fecha`, `cliente_id`, `hotel_id`, `descripcion`, `usuario_id`) VALUES (:reservacion_id:, :fecha:, :cliente_id:, :hotel_id:, :descripcion:, :usuario_id:)', [...], false)
 2 SYSTEMPATH\Model.php(394): CodeIgniter\Database\BaseBuilder->insert()
 3 SYSTEMPATH\BaseModel.php(840): CodeIgniter\Model->doInsert([...])
 4 SYSTEMPATH\Model.php(802): CodeIgniter\BaseModel->insert([...], true)
 5 APPPATH\Controllers\ReservacionesController.php(32): CodeIgniter\Model->insert([...])
 6 SYSTEMPATH\CodeIgniter.php(933): App\Controllers\ReservacionesController->agregarReservacion()
 7 SYSTEMPATH\CodeIgniter.php(509): CodeIgniter\CodeIgniter->runController(Object(App\Controllers\ReservacionesController))
 8 SYSTEMPATH\CodeIgniter.php(355): CodeIgniter\CodeIgniter->handleRequest(null, Object(Config\Cache), false)
 9 SYSTEMPATH\Boot.php(325): CodeIgniter\CodeIgniter->run()
10 SYSTEMPATH\Boot.php(67): CodeIgniter\Boot::runCodeIgniter(Object(CodeIgniter\CodeIgniter))
11 FCPATH\index.php(56): CodeIgniter\Boot::bootWeb(Object(Config\Paths))
CRITICAL - 2024-07-26 14:12:44 --> [Caused by] CodeIgniter\Database\Exceptions\DatabaseException: Column 'reservacion_id' cannot be null
in SYSTEMPATH\Database\MySQLi\Connection.php on line 317.
 1 SYSTEMPATH\Database\BaseConnection.php(734): CodeIgniter\Database\MySQLi\Connection->execute('INSERT INTO `reservaciones` (`reservacion_id`, `fecha`, `cliente_id`, `hotel_id`, `descripcion`, `usuario_id`) VALUES (NULL, NULL, NULL, NULL, NULL, \'\')')
 2 SYSTEMPATH\Database\BaseConnection.php(648): CodeIgniter\Database\BaseConnection->simpleQuery('INSERT INTO `reservaciones` (`reservacion_id`, `fecha`, `cliente_id`, `hotel_id`, `descripcion`, `usuario_id`) VALUES (NULL, NULL, NULL, NULL, NULL, \'\')')
 3 SYSTEMPATH\Database\BaseBuilder.php(2332): CodeIgniter\Database\BaseConnection->query('INSERT INTO `reservaciones` (`reservacion_id`, `fecha`, `cliente_id`, `hotel_id`, `descripcion`, `usuario_id`) VALUES (:reservacion_id:, :fecha:, :cliente_id:, :hotel_id:, :descripcion:, :usuario_id:)', [...], false)
 4 SYSTEMPATH\Model.php(394): CodeIgniter\Database\BaseBuilder->insert()
 5 SYSTEMPATH\BaseModel.php(840): CodeIgniter\Model->doInsert([...])
 6 SYSTEMPATH\Model.php(802): CodeIgniter\BaseModel->insert([...], true)
 7 APPPATH\Controllers\ReservacionesController.php(32): CodeIgniter\Model->insert([...])
 8 SYSTEMPATH\CodeIgniter.php(933): App\Controllers\ReservacionesController->agregarReservacion()
 9 SYSTEMPATH\CodeIgniter.php(509): CodeIgniter\CodeIgniter->runController(Object(App\Controllers\ReservacionesController))
10 SYSTEMPATH\CodeIgniter.php(355): CodeIgniter\CodeIgniter->handleRequest(null, Object(Config\Cache), false)
11 SYSTEMPATH\Boot.php(325): CodeIgniter\CodeIgniter->run()
12 SYSTEMPATH\Boot.php(67): CodeIgniter\Boot::runCodeIgniter(Object(CodeIgniter\CodeIgniter))
13 FCPATH\index.php(56): CodeIgniter\Boot::bootWeb(Object(Config\Paths))
CRITICAL - 2024-07-26 14:12:44 --> [Caused by] mysqli_sql_exception: Column 'reservacion_id' cannot be null
in SYSTEMPATH\Database\MySQLi\Connection.php on line 312.
 1 SYSTEMPATH\Database\MySQLi\Connection.php(312): mysqli->query('INSERT INTO `reservaciones` (`reservacion_id`, `fecha`, `cliente_id`, `hotel_id`, `descripcion`, `usuario_id`) VALUES (NULL, NULL, NULL, NULL, NULL, \'\')', 0)
 2 SYSTEMPATH\Database\BaseConnection.php(734): CodeIgniter\Database\MySQLi\Connection->execute('INSERT INTO `reservaciones` (`reservacion_id`, `fecha`, `cliente_id`, `hotel_id`, `descripcion`, `usuario_id`) VALUES (NULL, NULL, NULL, NULL, NULL, \'\')')
 3 SYSTEMPATH\Database\BaseConnection.php(648): CodeIgniter\Database\BaseConnection->simpleQuery('INSERT INTO `reservaciones` (`reservacion_id`, `fecha`, `cliente_id`, `hotel_id`, `descripcion`, `usuario_id`) VALUES (NULL, NULL, NULL, NULL, NULL, \'\')')
 4 SYSTEMPATH\Database\BaseBuilder.php(2332): CodeIgniter\Database\BaseConnection->query('INSERT INTO `reservaciones` (`reservacion_id`, `fecha`, `cliente_id`, `hotel_id`, `descripcion`, `usuario_id`) VALUES (:reservacion_id:, :fecha:, :cliente_id:, :hotel_id:, :descripcion:, :usuario_id:)', [...], false)
 5 SYSTEMPATH\Model.php(394): CodeIgniter\Database\BaseBuilder->insert()
 6 SYSTEMPATH\BaseModel.php(840): CodeIgniter\Model->doInsert([...])
 7 SYSTEMPATH\Model.php(802): CodeIgniter\BaseModel->insert([...], true)
 8 APPPATH\Controllers\ReservacionesController.php(32): CodeIgniter\Model->insert([...])
 9 SYSTEMPATH\CodeIgniter.php(933): App\Controllers\ReservacionesController->agregarReservacion()
10 SYSTEMPATH\CodeIgniter.php(509): CodeIgniter\CodeIgniter->runController(Object(App\Controllers\ReservacionesController))
11 SYSTEMPATH\CodeIgniter.php(355): CodeIgniter\CodeIgniter->handleRequest(null, Object(Config\Cache), false)
12 SYSTEMPATH\Boot.php(325): CodeIgniter\CodeIgniter->run()
13 SYSTEMPATH\Boot.php(67): CodeIgniter\Boot::runCodeIgniter(Object(CodeIgniter\CodeIgniter))
14 FCPATH\index.php(56): CodeIgniter\Boot::bootWeb(Object(Config\Paths))
ERROR - 2024-07-26 14:13:47 --> mysqli_sql_exception: Column 'reservacion_id' cannot be null in C:\xampp\htdocs\fs2024\ci4_hotel\system\Database\MySQLi\Connection.php:312
Stack trace:
#0 C:\xampp\htdocs\fs2024\ci4_hotel\system\Database\MySQLi\Connection.php(312): mysqli->query('INSERT INTO `re...', 0)
#1 C:\xampp\htdocs\fs2024\ci4_hotel\system\Database\BaseConnection.php(734): CodeIgniter\Database\MySQLi\Connection->execute('INSERT INTO `re...')
#2 C:\xampp\htdocs\fs2024\ci4_hotel\system\Database\BaseConnection.php(648): CodeIgniter\Database\BaseConnection->simpleQuery('INSERT INTO `re...')
#3 C:\xampp\htdocs\fs2024\ci4_hotel\system\Database\BaseBuilder.php(2332): CodeIgniter\Database\BaseConnection->query('INSERT INTO `re...', Array, false)
#4 C:\xampp\htdocs\fs2024\ci4_hotel\system\Model.php(394): CodeIgniter\Database\BaseBuilder->insert()
#5 C:\xampp\htdocs\fs2024\ci4_hotel\system\BaseModel.php(840): CodeIgniter\Model->doInsert(Array)
#6 C:\xampp\htdocs\fs2024\ci4_hotel\system\Model.php(802): CodeIgniter\BaseModel->insert(Array, true)
#7 C:\xampp\htdocs\fs2024\ci4_hotel\app\Controllers\ReservacionesController.php(32): CodeIgniter\Model->insert(Array)
#8 C:\xampp\htdocs\fs2024\ci4_hotel\system\CodeIgniter.php(933): App\Controllers\ReservacionesController->agregarReservacion()
#9 C:\xampp\htdocs\fs2024\ci4_hotel\system\CodeIgniter.php(509): CodeIgniter\CodeIgniter->runController(Object(App\Controllers\ReservacionesController))
#10 C:\xampp\htdocs\fs2024\ci4_hotel\system\CodeIgniter.php(355): CodeIgniter\CodeIgniter->handleRequest(NULL, Object(Config\Cache), false)
#11 C:\xampp\htdocs\fs2024\ci4_hotel\system\Boot.php(325): CodeIgniter\CodeIgniter->run()
#12 C:\xampp\htdocs\fs2024\ci4_hotel\system\Boot.php(67): CodeIgniter\Boot::runCodeIgniter(Object(CodeIgniter\CodeIgniter))
#13 C:\xampp\htdocs\fs2024\ci4_hotel\public\index.php(56): CodeIgniter\Boot::bootWeb(Object(Config\Paths))
#14 {main}
CRITICAL - 2024-07-26 14:13:47 --> CodeIgniter\Database\Exceptions\DatabaseException: Column 'reservacion_id' cannot be null
[Method: POST, Route: agregar_reservacion]
in SYSTEMPATH\Database\BaseConnection.php on line 688.
 1 SYSTEMPATH\Database\BaseBuilder.php(2332): CodeIgniter\Database\BaseConnection->query('INSERT INTO `reservaciones` (`reservacion_id`, `fecha`, `cliente_id`, `hotel_id`, `descripcion`, `usuario_id`) VALUES (:reservacion_id:, :fecha:, :cliente_id:, :hotel_id:, :descripcion:, :usuario_id:)', [...], false)
 2 SYSTEMPATH\Model.php(394): CodeIgniter\Database\BaseBuilder->insert()
 3 SYSTEMPATH\BaseModel.php(840): CodeIgniter\Model->doInsert([...])
 4 SYSTEMPATH\Model.php(802): CodeIgniter\BaseModel->insert([...], true)
 5 APPPATH\Controllers\ReservacionesController.php(32): CodeIgniter\Model->insert([...])
 6 SYSTEMPATH\CodeIgniter.php(933): App\Controllers\ReservacionesController->agregarReservacion()
 7 SYSTEMPATH\CodeIgniter.php(509): CodeIgniter\CodeIgniter->runController(Object(App\Controllers\ReservacionesController))
 8 SYSTEMPATH\CodeIgniter.php(355): CodeIgniter\CodeIgniter->handleRequest(null, Object(Config\Cache), false)
 9 SYSTEMPATH\Boot.php(325): CodeIgniter\CodeIgniter->run()
10 SYSTEMPATH\Boot.php(67): CodeIgniter\Boot::runCodeIgniter(Object(CodeIgniter\CodeIgniter))
11 FCPATH\index.php(56): CodeIgniter\Boot::bootWeb(Object(Config\Paths))
CRITICAL - 2024-07-26 14:13:47 --> [Caused by] CodeIgniter\Database\Exceptions\DatabaseException: Column 'reservacion_id' cannot be null
in SYSTEMPATH\Database\MySQLi\Connection.php on line 317.
 1 SYSTEMPATH\Database\BaseConnection.php(734): CodeIgniter\Database\MySQLi\Connection->execute('INSERT INTO `reservaciones` (`reservacion_id`, `fecha`, `cliente_id`, `hotel_id`, `descripcion`, `usuario_id`) VALUES (NULL, NULL, NULL, NULL, NULL, \'\')')
 2 SYSTEMPATH\Database\BaseConnection.php(648): CodeIgniter\Database\BaseConnection->simpleQuery('INSERT INTO `reservaciones` (`reservacion_id`, `fecha`, `cliente_id`, `hotel_id`, `descripcion`, `usuario_id`) VALUES (NULL, NULL, NULL, NULL, NULL, \'\')')
 3 SYSTEMPATH\Database\BaseBuilder.php(2332): CodeIgniter\Database\BaseConnection->query('INSERT INTO `reservaciones` (`reservacion_id`, `fecha`, `cliente_id`, `hotel_id`, `descripcion`, `usuario_id`) VALUES (:reservacion_id:, :fecha:, :cliente_id:, :hotel_id:, :descripcion:, :usuario_id:)', [...], false)
 4 SYSTEMPATH\Model.php(394): CodeIgniter\Database\BaseBuilder->insert()
 5 SYSTEMPATH\BaseModel.php(840): CodeIgniter\Model->doInsert([...])
 6 SYSTEMPATH\Model.php(802): CodeIgniter\BaseModel->insert([...], true)
 7 APPPATH\Controllers\ReservacionesController.php(32): CodeIgniter\Model->insert([...])
 8 SYSTEMPATH\CodeIgniter.php(933): App\Controllers\ReservacionesController->agregarReservacion()
 9 SYSTEMPATH\CodeIgniter.php(509): CodeIgniter\CodeIgniter->runController(Object(App\Controllers\ReservacionesController))
10 SYSTEMPATH\CodeIgniter.php(355): CodeIgniter\CodeIgniter->handleRequest(null, Object(Config\Cache), false)
11 SYSTEMPATH\Boot.php(325): CodeIgniter\CodeIgniter->run()
12 SYSTEMPATH\Boot.php(67): CodeIgniter\Boot::runCodeIgniter(Object(CodeIgniter\CodeIgniter))
13 FCPATH\index.php(56): CodeIgniter\Boot::bootWeb(Object(Config\Paths))
CRITICAL - 2024-07-26 14:13:47 --> [Caused by] mysqli_sql_exception: Column 'reservacion_id' cannot be null
in SYSTEMPATH\Database\MySQLi\Connection.php on line 312.
 1 SYSTEMPATH\Database\MySQLi\Connection.php(312): mysqli->query('INSERT INTO `reservaciones` (`reservacion_id`, `fecha`, `cliente_id`, `hotel_id`, `descripcion`, `usuario_id`) VALUES (NULL, NULL, NULL, NULL, NULL, \'\')', 0)
 2 SYSTEMPATH\Database\BaseConnection.php(734): CodeIgniter\Database\MySQLi\Connection->execute('INSERT INTO `reservaciones` (`reservacion_id`, `fecha`, `cliente_id`, `hotel_id`, `descripcion`, `usuario_id`) VALUES (NULL, NULL, NULL, NULL, NULL, \'\')')
 3 SYSTEMPATH\Database\BaseConnection.php(648): CodeIgniter\Database\BaseConnection->simpleQuery('INSERT INTO `reservaciones` (`reservacion_id`, `fecha`, `cliente_id`, `hotel_id`, `descripcion`, `usuario_id`) VALUES (NULL, NULL, NULL, NULL, NULL, \'\')')
 4 SYSTEMPATH\Database\BaseBuilder.php(2332): CodeIgniter\Database\BaseConnection->query('INSERT INTO `reservaciones` (`reservacion_id`, `fecha`, `cliente_id`, `hotel_id`, `descripcion`, `usuario_id`) VALUES (:reservacion_id:, :fecha:, :cliente_id:, :hotel_id:, :descripcion:, :usuario_id:)', [...], false)
 5 SYSTEMPATH\Model.php(394): CodeIgniter\Database\BaseBuilder->insert()
 6 SYSTEMPATH\BaseModel.php(840): CodeIgniter\Model->doInsert([...])
 7 SYSTEMPATH\Model.php(802): CodeIgniter\BaseModel->insert([...], true)
 8 APPPATH\Controllers\ReservacionesController.php(32): CodeIgniter\Model->insert([...])
 9 SYSTEMPATH\CodeIgniter.php(933): App\Controllers\ReservacionesController->agregarReservacion()
10 SYSTEMPATH\CodeIgniter.php(509): CodeIgniter\CodeIgniter->runController(Object(App\Controllers\ReservacionesController))
11 SYSTEMPATH\CodeIgniter.php(355): CodeIgniter\CodeIgniter->handleRequest(null, Object(Config\Cache), false)
12 SYSTEMPATH\Boot.php(325): CodeIgniter\CodeIgniter->run()
13 SYSTEMPATH\Boot.php(67): CodeIgniter\Boot::runCodeIgniter(Object(CodeIgniter\CodeIgniter))
14 FCPATH\index.php(56): CodeIgniter\Boot::bootWeb(Object(Config\Paths))
ERROR - 2024-07-26 14:18:42 --> mysqli_sql_exception: Column 'reservacion_id' cannot be null in C:\xampp\htdocs\fs2024\ci4_hotel\system\Database\MySQLi\Connection.php:312
Stack trace:
#0 C:\xampp\htdocs\fs2024\ci4_hotel\system\Database\MySQLi\Connection.php(312): mysqli->query('INSERT INTO `re...', 0)
#1 C:\xampp\htdocs\fs2024\ci4_hotel\system\Database\BaseConnection.php(734): CodeIgniter\Database\MySQLi\Connection->execute('INSERT INTO `re...')
#2 C:\xampp\htdocs\fs2024\ci4_hotel\system\Database\BaseConnection.php(648): CodeIgniter\Database\BaseConnection->simpleQuery('INSERT INTO `re...')
#3 C:\xampp\htdocs\fs2024\ci4_hotel\system\Database\BaseBuilder.php(2332): CodeIgniter\Database\BaseConnection->query('INSERT INTO `re...', Array, false)
#4 C:\xampp\htdocs\fs2024\ci4_hotel\system\Model.php(394): CodeIgniter\Database\BaseBuilder->insert()
#5 C:\xampp\htdocs\fs2024\ci4_hotel\system\BaseModel.php(840): CodeIgniter\Model->doInsert(Array)
#6 C:\xampp\htdocs\fs2024\ci4_hotel\system\Model.php(802): CodeIgniter\BaseModel->insert(Array, true)
#7 C:\xampp\htdocs\fs2024\ci4_hotel\app\Controllers\ReservacionesController.php(32): CodeIgniter\Model->insert(Array)
#8 C:\xampp\htdocs\fs2024\ci4_hotel\system\CodeIgniter.php(933): App\Controllers\ReservacionesController->agregarReservacion()
#9 C:\xampp\htdocs\fs2024\ci4_hotel\system\CodeIgniter.php(509): CodeIgniter\CodeIgniter->runController(Object(App\Controllers\ReservacionesController))
#10 C:\xampp\htdocs\fs2024\ci4_hotel\system\CodeIgniter.php(355): CodeIgniter\CodeIgniter->handleRequest(NULL, Object(Config\Cache), false)
#11 C:\xampp\htdocs\fs2024\ci4_hotel\system\Boot.php(325): CodeIgniter\CodeIgniter->run()
#12 C:\xampp\htdocs\fs2024\ci4_hotel\system\Boot.php(67): CodeIgniter\Boot::runCodeIgniter(Object(CodeIgniter\CodeIgniter))
#13 C:\xampp\htdocs\fs2024\ci4_hotel\public\index.php(56): CodeIgniter\Boot::bootWeb(Object(Config\Paths))
#14 {main}
CRITICAL - 2024-07-26 14:18:42 --> CodeIgniter\Database\Exceptions\DatabaseException: Column 'reservacion_id' cannot be null
[Method: POST, Route: agregar_reservacion]
in SYSTEMPATH\Database\BaseConnection.php on line 688.
 1 SYSTEMPATH\Database\BaseBuilder.php(2332): CodeIgniter\Database\BaseConnection->query('INSERT INTO `reservaciones` (`reservacion_id`, `fecha`, `cliente_id`, `hotel_id`, `descripcion`, `usuario_id`) VALUES (:reservacion_id:, :fecha:, :cliente_id:, :hotel_id:, :descripcion:, :usuario_id:)', [...], false)
 2 SYSTEMPATH\Model.php(394): CodeIgniter\Database\BaseBuilder->insert()
 3 SYSTEMPATH\BaseModel.php(840): CodeIgniter\Model->doInsert([...])
 4 SYSTEMPATH\Model.php(802): CodeIgniter\BaseModel->insert([...], true)
 5 APPPATH\Controllers\ReservacionesController.php(32): CodeIgniter\Model->insert([...])
 6 SYSTEMPATH\CodeIgniter.php(933): App\Controllers\ReservacionesController->agregarReservacion()
 7 SYSTEMPATH\CodeIgniter.php(509): CodeIgniter\CodeIgniter->runController(Object(App\Controllers\ReservacionesController))
 8 SYSTEMPATH\CodeIgniter.php(355): CodeIgniter\CodeIgniter->handleRequest(null, Object(Config\Cache), false)
 9 SYSTEMPATH\Boot.php(325): CodeIgniter\CodeIgniter->run()
10 SYSTEMPATH\Boot.php(67): CodeIgniter\Boot::runCodeIgniter(Object(CodeIgniter\CodeIgniter))
11 FCPATH\index.php(56): CodeIgniter\Boot::bootWeb(Object(Config\Paths))
CRITICAL - 2024-07-26 14:18:42 --> [Caused by] CodeIgniter\Database\Exceptions\DatabaseException: Column 'reservacion_id' cannot be null
in SYSTEMPATH\Database\MySQLi\Connection.php on line 317.
 1 SYSTEMPATH\Database\BaseConnection.php(734): CodeIgniter\Database\MySQLi\Connection->execute('INSERT INTO `reservaciones` (`reservacion_id`, `fecha`, `cliente_id`, `hotel_id`, `descripcion`, `usuario_id`) VALUES (NULL, NULL, NULL, NULL, NULL, \'100\')')
 2 SYSTEMPATH\Database\BaseConnection.php(648): CodeIgniter\Database\BaseConnection->simpleQuery('INSERT INTO `reservaciones` (`reservacion_id`, `fecha`, `cliente_id`, `hotel_id`, `descripcion`, `usuario_id`) VALUES (NULL, NULL, NULL, NULL, NULL, \'100\')')
 3 SYSTEMPATH\Database\BaseBuilder.php(2332): CodeIgniter\Database\BaseConnection->query('INSERT INTO `reservaciones` (`reservacion_id`, `fecha`, `cliente_id`, `hotel_id`, `descripcion`, `usuario_id`) VALUES (:reservacion_id:, :fecha:, :cliente_id:, :hotel_id:, :descripcion:, :usuario_id:)', [...], false)
 4 SYSTEMPATH\Model.php(394): CodeIgniter\Database\BaseBuilder->insert()
 5 SYSTEMPATH\BaseModel.php(840): CodeIgniter\Model->doInsert([...])
 6 SYSTEMPATH\Model.php(802): CodeIgniter\BaseModel->insert([...], true)
 7 APPPATH\Controllers\ReservacionesController.php(32): CodeIgniter\Model->insert([...])
 8 SYSTEMPATH\CodeIgniter.php(933): App\Controllers\ReservacionesController->agregarReservacion()
 9 SYSTEMPATH\CodeIgniter.php(509): CodeIgniter\CodeIgniter->runController(Object(App\Controllers\ReservacionesController))
10 SYSTEMPATH\CodeIgniter.php(355): CodeIgniter\CodeIgniter->handleRequest(null, Object(Config\Cache), false)
11 SYSTEMPATH\Boot.php(325): CodeIgniter\CodeIgniter->run()
12 SYSTEMPATH\Boot.php(67): CodeIgniter\Boot::runCodeIgniter(Object(CodeIgniter\CodeIgniter))
13 FCPATH\index.php(56): CodeIgniter\Boot::bootWeb(Object(Config\Paths))
CRITICAL - 2024-07-26 14:18:42 --> [Caused by] mysqli_sql_exception: Column 'reservacion_id' cannot be null
in SYSTEMPATH\Database\MySQLi\Connection.php on line 312.
 1 SYSTEMPATH\Database\MySQLi\Connection.php(312): mysqli->query('INSERT INTO `reservaciones` (`reservacion_id`, `fecha`, `cliente_id`, `hotel_id`, `descripcion`, `usuario_id`) VALUES (NULL, NULL, NULL, NULL, NULL, \'100\')', 0)
 2 SYSTEMPATH\Database\BaseConnection.php(734): CodeIgniter\Database\MySQLi\Connection->execute('INSERT INTO `reservaciones` (`reservacion_id`, `fecha`, `cliente_id`, `hotel_id`, `descripcion`, `usuario_id`) VALUES (NULL, NULL, NULL, NULL, NULL, \'100\')')
 3 SYSTEMPATH\Database\BaseConnection.php(648): CodeIgniter\Database\BaseConnection->simpleQuery('INSERT INTO `reservaciones` (`reservacion_id`, `fecha`, `cliente_id`, `hotel_id`, `descripcion`, `usuario_id`) VALUES (NULL, NULL, NULL, NULL, NULL, \'100\')')
 4 SYSTEMPATH\Database\BaseBuilder.php(2332): CodeIgniter\Database\BaseConnection->query('INSERT INTO `reservaciones` (`reservacion_id`, `fecha`, `cliente_id`, `hotel_id`, `descripcion`, `usuario_id`) VALUES (:reservacion_id:, :fecha:, :cliente_id:, :hotel_id:, :descripcion:, :usuario_id:)', [...], false)
 5 SYSTEMPATH\Model.php(394): CodeIgniter\Database\BaseBuilder->insert()
 6 SYSTEMPATH\BaseModel.php(840): CodeIgniter\Model->doInsert([...])
 7 SYSTEMPATH\Model.php(802): CodeIgniter\BaseModel->insert([...], true)
 8 APPPATH\Controllers\ReservacionesController.php(32): CodeIgniter\Model->insert([...])
 9 SYSTEMPATH\CodeIgniter.php(933): App\Controllers\ReservacionesController->agregarReservacion()
10 SYSTEMPATH\CodeIgniter.php(509): CodeIgniter\CodeIgniter->runController(Object(App\Controllers\ReservacionesController))
11 SYSTEMPATH\CodeIgniter.php(355): CodeIgniter\CodeIgniter->handleRequest(null, Object(Config\Cache), false)
12 SYSTEMPATH\Boot.php(325): CodeIgniter\CodeIgniter->run()
13 SYSTEMPATH\Boot.php(67): CodeIgniter\Boot::runCodeIgniter(Object(CodeIgniter\CodeIgniter))
14 FCPATH\index.php(56): CodeIgniter\Boot::bootWeb(Object(Config\Paths))
ERROR - 2024-07-26 14:20:52 --> mysqli_sql_exception: Column 'reservacion_id' cannot be null in C:\xampp\htdocs\fs2024\ci4_hotel\system\Database\MySQLi\Connection.php:312
Stack trace:
#0 C:\xampp\htdocs\fs2024\ci4_hotel\system\Database\MySQLi\Connection.php(312): mysqli->query('INSERT INTO `re...', 0)
#1 C:\xampp\htdocs\fs2024\ci4_hotel\system\Database\BaseConnection.php(734): CodeIgniter\Database\MySQLi\Connection->execute('INSERT INTO `re...')
#2 C:\xampp\htdocs\fs2024\ci4_hotel\system\Database\BaseConnection.php(648): CodeIgniter\Database\BaseConnection->simpleQuery('INSERT INTO `re...')
#3 C:\xampp\htdocs\fs2024\ci4_hotel\system\Database\BaseBuilder.php(2332): CodeIgniter\Database\BaseConnection->query('INSERT INTO `re...', Array, false)
#4 C:\xampp\htdocs\fs2024\ci4_hotel\system\Model.php(394): CodeIgniter\Database\BaseBuilder->insert()
#5 C:\xampp\htdocs\fs2024\ci4_hotel\system\BaseModel.php(840): CodeIgniter\Model->doInsert(Array)
#6 C:\xampp\htdocs\fs2024\ci4_hotel\system\Model.php(802): CodeIgniter\BaseModel->insert(Array, true)
#7 C:\xampp\htdocs\fs2024\ci4_hotel\app\Controllers\ReservacionesController.php(32): CodeIgniter\Model->insert(Array)
#8 C:\xampp\htdocs\fs2024\ci4_hotel\system\CodeIgniter.php(933): App\Controllers\ReservacionesController->agregarReservacion()
#9 C:\xampp\htdocs\fs2024\ci4_hotel\system\CodeIgniter.php(509): CodeIgniter\CodeIgniter->runController(Object(App\Controllers\ReservacionesController))
#10 C:\xampp\htdocs\fs2024\ci4_hotel\system\CodeIgniter.php(355): CodeIgniter\CodeIgniter->handleRequest(NULL, Object(Config\Cache), false)
#11 C:\xampp\htdocs\fs2024\ci4_hotel\system\Boot.php(325): CodeIgniter\CodeIgniter->run()
#12 C:\xampp\htdocs\fs2024\ci4_hotel\system\Boot.php(67): CodeIgniter\Boot::runCodeIgniter(Object(CodeIgniter\CodeIgniter))
#13 C:\xampp\htdocs\fs2024\ci4_hotel\public\index.php(56): CodeIgniter\Boot::bootWeb(Object(Config\Paths))
#14 {main}
CRITICAL - 2024-07-26 14:20:52 --> CodeIgniter\Database\Exceptions\DatabaseException: Column 'reservacion_id' cannot be null
[Method: POST, Route: agregar_reservacion]
in SYSTEMPATH\Database\BaseConnection.php on line 688.
 1 SYSTEMPATH\Database\BaseBuilder.php(2332): CodeIgniter\Database\BaseConnection->query('INSERT INTO `reservaciones` (`reservacion_id`, `fecha`, `cliente_id`, `hotel_id`, `descripcion`, `usuario_id`) VALUES (:reservacion_id:, :fecha:, :cliente_id:, :hotel_id:, :descripcion:, :usuario_id:)', [...], false)
 2 SYSTEMPATH\Model.php(394): CodeIgniter\Database\BaseBuilder->insert()
 3 SYSTEMPATH\BaseModel.php(840): CodeIgniter\Model->doInsert([...])
 4 SYSTEMPATH\Model.php(802): CodeIgniter\BaseModel->insert([...], true)
 5 APPPATH\Controllers\ReservacionesController.php(32): CodeIgniter\Model->insert([...])
 6 SYSTEMPATH\CodeIgniter.php(933): App\Controllers\ReservacionesController->agregarReservacion()
 7 SYSTEMPATH\CodeIgniter.php(509): CodeIgniter\CodeIgniter->runController(Object(App\Controllers\ReservacionesController))
 8 SYSTEMPATH\CodeIgniter.php(355): CodeIgniter\CodeIgniter->handleRequest(null, Object(Config\Cache), false)
 9 SYSTEMPATH\Boot.php(325): CodeIgniter\CodeIgniter->run()
10 SYSTEMPATH\Boot.php(67): CodeIgniter\Boot::runCodeIgniter(Object(CodeIgniter\CodeIgniter))
11 FCPATH\index.php(56): CodeIgniter\Boot::bootWeb(Object(Config\Paths))
CRITICAL - 2024-07-26 14:20:52 --> [Caused by] CodeIgniter\Database\Exceptions\DatabaseException: Column 'reservacion_id' cannot be null
in SYSTEMPATH\Database\MySQLi\Connection.php on line 317.
 1 SYSTEMPATH\Database\BaseConnection.php(734): CodeIgniter\Database\MySQLi\Connection->execute('INSERT INTO `reservaciones` (`reservacion_id`, `fecha`, `cliente_id`, `hotel_id`, `descripcion`, `usuario_id`) VALUES (NULL, NULL, NULL, NULL, NULL, \'100\')')
 2 SYSTEMPATH\Database\BaseConnection.php(648): CodeIgniter\Database\BaseConnection->simpleQuery('INSERT INTO `reservaciones` (`reservacion_id`, `fecha`, `cliente_id`, `hotel_id`, `descripcion`, `usuario_id`) VALUES (NULL, NULL, NULL, NULL, NULL, \'100\')')
 3 SYSTEMPATH\Database\BaseBuilder.php(2332): CodeIgniter\Database\BaseConnection->query('INSERT INTO `reservaciones` (`reservacion_id`, `fecha`, `cliente_id`, `hotel_id`, `descripcion`, `usuario_id`) VALUES (:reservacion_id:, :fecha:, :cliente_id:, :hotel_id:, :descripcion:, :usuario_id:)', [...], false)
 4 SYSTEMPATH\Model.php(394): CodeIgniter\Database\BaseBuilder->insert()
 5 SYSTEMPATH\BaseModel.php(840): CodeIgniter\Model->doInsert([...])
 6 SYSTEMPATH\Model.php(802): CodeIgniter\BaseModel->insert([...], true)
 7 APPPATH\Controllers\ReservacionesController.php(32): CodeIgniter\Model->insert([...])
 8 SYSTEMPATH\CodeIgniter.php(933): App\Controllers\ReservacionesController->agregarReservacion()
 9 SYSTEMPATH\CodeIgniter.php(509): CodeIgniter\CodeIgniter->runController(Object(App\Controllers\ReservacionesController))
10 SYSTEMPATH\CodeIgniter.php(355): CodeIgniter\CodeIgniter->handleRequest(null, Object(Config\Cache), false)
11 SYSTEMPATH\Boot.php(325): CodeIgniter\CodeIgniter->run()
12 SYSTEMPATH\Boot.php(67): CodeIgniter\Boot::runCodeIgniter(Object(CodeIgniter\CodeIgniter))
13 FCPATH\index.php(56): CodeIgniter\Boot::bootWeb(Object(Config\Paths))
CRITICAL - 2024-07-26 14:20:52 --> [Caused by] mysqli_sql_exception: Column 'reservacion_id' cannot be null
in SYSTEMPATH\Database\MySQLi\Connection.php on line 312.
 1 SYSTEMPATH\Database\MySQLi\Connection.php(312): mysqli->query('INSERT INTO `reservaciones` (`reservacion_id`, `fecha`, `cliente_id`, `hotel_id`, `descripcion`, `usuario_id`) VALUES (NULL, NULL, NULL, NULL, NULL, \'100\')', 0)
 2 SYSTEMPATH\Database\BaseConnection.php(734): CodeIgniter\Database\MySQLi\Connection->execute('INSERT INTO `reservaciones` (`reservacion_id`, `fecha`, `cliente_id`, `hotel_id`, `descripcion`, `usuario_id`) VALUES (NULL, NULL, NULL, NULL, NULL, \'100\')')
 3 SYSTEMPATH\Database\BaseConnection.php(648): CodeIgniter\Database\BaseConnection->simpleQuery('INSERT INTO `reservaciones` (`reservacion_id`, `fecha`, `cliente_id`, `hotel_id`, `descripcion`, `usuario_id`) VALUES (NULL, NULL, NULL, NULL, NULL, \'100\')')
 4 SYSTEMPATH\Database\BaseBuilder.php(2332): CodeIgniter\Database\BaseConnection->query('INSERT INTO `reservaciones` (`reservacion_id`, `fecha`, `cliente_id`, `hotel_id`, `descripcion`, `usuario_id`) VALUES (:reservacion_id:, :fecha:, :cliente_id:, :hotel_id:, :descripcion:, :usuario_id:)', [...], false)
 5 SYSTEMPATH\Model.php(394): CodeIgniter\Database\BaseBuilder->insert()
 6 SYSTEMPATH\BaseModel.php(840): CodeIgniter\Model->doInsert([...])
 7 SYSTEMPATH\Model.php(802): CodeIgniter\BaseModel->insert([...], true)
 8 APPPATH\Controllers\ReservacionesController.php(32): CodeIgniter\Model->insert([...])
 9 SYSTEMPATH\CodeIgniter.php(933): App\Controllers\ReservacionesController->agregarReservacion()
10 SYSTEMPATH\CodeIgniter.php(509): CodeIgniter\CodeIgniter->runController(Object(App\Controllers\ReservacionesController))
11 SYSTEMPATH\CodeIgniter.php(355): CodeIgniter\CodeIgniter->handleRequest(null, Object(Config\Cache), false)
12 SYSTEMPATH\Boot.php(325): CodeIgniter\CodeIgniter->run()
13 SYSTEMPATH\Boot.php(67): CodeIgniter\Boot::runCodeIgniter(Object(CodeIgniter\CodeIgniter))
14 FCPATH\index.php(56): CodeIgniter\Boot::bootWeb(Object(Config\Paths))
ERROR - 2024-07-26 15:01:50 --> mysqli_sql_exception: Cannot delete or update a parent row: a foreign key constraint fails (`bd_hotel`.`detalle_reservacion`, CONSTRAINT `detalle_reservacion_ibfk_4` FOREIGN KEY (`reservacion_id`) REFERENCES `reservaciones` (`reservacion_id`)) in C:\xampp\htdocs\fs2024\ci4_hotel\system\Database\MySQLi\Connection.php:312
Stack trace:
#0 C:\xampp\htdocs\fs2024\ci4_hotel\system\Database\MySQLi\Connection.php(312): mysqli->query('DELETE FROM `cl...', 0)
#1 C:\xampp\htdocs\fs2024\ci4_hotel\system\Database\BaseConnection.php(734): CodeIgniter\Database\MySQLi\Connection->execute('DELETE FROM `cl...')
#2 C:\xampp\htdocs\fs2024\ci4_hotel\system\Database\BaseConnection.php(648): CodeIgniter\Database\BaseConnection->simpleQuery('DELETE FROM `cl...')
#3 C:\xampp\htdocs\fs2024\ci4_hotel\system\Database\BaseBuilder.php(2835): CodeIgniter\Database\BaseConnection->query('DELETE FROM `cl...', Array, false)
#4 C:\xampp\htdocs\fs2024\ci4_hotel\system\Model.php(521): CodeIgniter\Database\BaseBuilder->delete()
#5 C:\xampp\htdocs\fs2024\ci4_hotel\system\BaseModel.php(1158): CodeIgniter\Model->doDelete(Array, false)
#6 C:\xampp\htdocs\fs2024\ci4_hotel\app\Controllers\ClientesController.php(42): CodeIgniter\BaseModel->delete(Array)
#7 C:\xampp\htdocs\fs2024\ci4_hotel\system\CodeIgniter.php(933): App\Controllers\ClientesController->eliminarCliente('2')
#8 C:\xampp\htdocs\fs2024\ci4_hotel\system\CodeIgniter.php(509): CodeIgniter\CodeIgniter->runController(Object(App\Controllers\ClientesController))
#9 C:\xampp\htdocs\fs2024\ci4_hotel\system\CodeIgniter.php(355): CodeIgniter\CodeIgniter->handleRequest(NULL, Object(Config\Cache), false)
#10 C:\xampp\htdocs\fs2024\ci4_hotel\system\Boot.php(325): CodeIgniter\CodeIgniter->run()
#11 C:\xampp\htdocs\fs2024\ci4_hotel\system\Boot.php(67): CodeIgniter\Boot::runCodeIgniter(Object(CodeIgniter\CodeIgniter))
#12 C:\xampp\htdocs\fs2024\ci4_hotel\public\index.php(56): CodeIgniter\Boot::bootWeb(Object(Config\Paths))
#13 {main}
CRITICAL - 2024-07-26 15:01:50 --> CodeIgniter\Database\Exceptions\DatabaseException: Cannot delete or update a parent row: a foreign key constraint fails (`bd_hotel`.`detalle_reservacion`, CONSTRAINT `detalle_reservacion_ibfk_4` FOREIGN KEY (`reservacion_id`) REFERENCES `reservaciones` (`reservacion_id`))
[Method: GET, Route: eliminar_cliente/2]
in SYSTEMPATH\Database\BaseConnection.php on line 688.
 1 SYSTEMPATH\Database\BaseBuilder.php(2835): CodeIgniter\Database\BaseConnection->query('DELETE FROM `clientes`
WHERE `cliente_id` IN :cliente_id:', [...], false)
 2 SYSTEMPATH\Model.php(521): CodeIgniter\Database\BaseBuilder->delete()
 3 SYSTEMPATH\BaseModel.php(1158): CodeIgniter\Model->doDelete([...], false)
 4 APPPATH\Controllers\ClientesController.php(42): CodeIgniter\BaseModel->delete([...])
 5 SYSTEMPATH\CodeIgniter.php(933): App\Controllers\ClientesController->eliminarCliente('2')
 6 SYSTEMPATH\CodeIgniter.php(509): CodeIgniter\CodeIgniter->runController(Object(App\Controllers\ClientesController))
 7 SYSTEMPATH\CodeIgniter.php(355): CodeIgniter\CodeIgniter->handleRequest(null, Object(Config\Cache), false)
 8 SYSTEMPATH\Boot.php(325): CodeIgniter\CodeIgniter->run()
 9 SYSTEMPATH\Boot.php(67): CodeIgniter\Boot::runCodeIgniter(Object(CodeIgniter\CodeIgniter))
10 FCPATH\index.php(56): CodeIgniter\Boot::bootWeb(Object(Config\Paths))
CRITICAL - 2024-07-26 15:01:50 --> [Caused by] CodeIgniter\Database\Exceptions\DatabaseException: Cannot delete or update a parent row: a foreign key constraint fails (`bd_hotel`.`detalle_reservacion`, CONSTRAINT `detalle_reservacion_ibfk_4` FOREIGN KEY (`reservacion_id`) REFERENCES `reservaciones` (`reservacion_id`))
in SYSTEMPATH\Database\MySQLi\Connection.php on line 317.
 1 SYSTEMPATH\Database\BaseConnection.php(734): CodeIgniter\Database\MySQLi\Connection->execute('DELETE FROM `clientes`
WHERE `cliente_id` IN (\'2\')')
 2 SYSTEMPATH\Database\BaseConnection.php(648): CodeIgniter\Database\BaseConnection->simpleQuery('DELETE FROM `clientes`
WHERE `cliente_id` IN (\'2\')')
 3 SYSTEMPATH\Database\BaseBuilder.php(2835): CodeIgniter\Database\BaseConnection->query('DELETE FROM `clientes`
WHERE `cliente_id` IN :cliente_id:', [...], false)
 4 SYSTEMPATH\Model.php(521): CodeIgniter\Database\BaseBuilder->delete()
 5 SYSTEMPATH\BaseModel.php(1158): CodeIgniter\Model->doDelete([...], false)
 6 APPPATH\Controllers\ClientesController.php(42): CodeIgniter\BaseModel->delete([...])
 7 SYSTEMPATH\CodeIgniter.php(933): App\Controllers\ClientesController->eliminarCliente('2')
 8 SYSTEMPATH\CodeIgniter.php(509): CodeIgniter\CodeIgniter->runController(Object(App\Controllers\ClientesController))
 9 SYSTEMPATH\CodeIgniter.php(355): CodeIgniter\CodeIgniter->handleRequest(null, Object(Config\Cache), false)
10 SYSTEMPATH\Boot.php(325): CodeIgniter\CodeIgniter->run()
11 SYSTEMPATH\Boot.php(67): CodeIgniter\Boot::runCodeIgniter(Object(CodeIgniter\CodeIgniter))
12 FCPATH\index.php(56): CodeIgniter\Boot::bootWeb(Object(Config\Paths))
CRITICAL - 2024-07-26 15:01:50 --> [Caused by] mysqli_sql_exception: Cannot delete or update a parent row: a foreign key constraint fails (`bd_hotel`.`detalle_reservacion`, CONSTRAINT `detalle_reservacion_ibfk_4` FOREIGN KEY (`reservacion_id`) REFERENCES `reservaciones` (`reservacion_id`))
in SYSTEMPATH\Database\MySQLi\Connection.php on line 312.
 1 SYSTEMPATH\Database\MySQLi\Connection.php(312): mysqli->query('DELETE FROM `clientes`
WHERE `cliente_id` IN (\'2\')', 0)
 2 SYSTEMPATH\Database\BaseConnection.php(734): CodeIgniter\Database\MySQLi\Connection->execute('DELETE FROM `clientes`
WHERE `cliente_id` IN (\'2\')')
 3 SYSTEMPATH\Database\BaseConnection.php(648): CodeIgniter\Database\BaseConnection->simpleQuery('DELETE FROM `clientes`
WHERE `cliente_id` IN (\'2\')')
 4 SYSTEMPATH\Database\BaseBuilder.php(2835): CodeIgniter\Database\BaseConnection->query('DELETE FROM `clientes`
WHERE `cliente_id` IN :cliente_id:', [...], false)
 5 SYSTEMPATH\Model.php(521): CodeIgniter\Database\BaseBuilder->delete()
 6 SYSTEMPATH\BaseModel.php(1158): CodeIgniter\Model->doDelete([...], false)
 7 APPPATH\Controllers\ClientesController.php(42): CodeIgniter\BaseModel->delete([...])
 8 SYSTEMPATH\CodeIgniter.php(933): App\Controllers\ClientesController->eliminarCliente('2')
 9 SYSTEMPATH\CodeIgniter.php(509): CodeIgniter\CodeIgniter->runController(Object(App\Controllers\ClientesController))
10 SYSTEMPATH\CodeIgniter.php(355): CodeIgniter\CodeIgniter->handleRequest(null, Object(Config\Cache), false)
11 SYSTEMPATH\Boot.php(325): CodeIgniter\CodeIgniter->run()
12 SYSTEMPATH\Boot.php(67): CodeIgniter\Boot::runCodeIgniter(Object(CodeIgniter\CodeIgniter))
13 FCPATH\index.php(56): CodeIgniter\Boot::bootWeb(Object(Config\Paths))
CRITICAL - 2024-07-26 15:21:31 --> ErrorException: Undefined array key ""
[Method: GET, Route: buscar_hotel/3]
in APPPATH\Views\form_modificar_hotel.php on line 34.
 1 APPPATH\Views\form_modificar_hotel.php(34): CodeIgniter\Debug\Exceptions->errorHandler(2, 'Undefined array key ""', 'C:\\xampp\\htdocs\\fs2024\\ci4_hotel\\app\\Views\\form_modificar_hotel.php', 34)
 2 SYSTEMPATH\View\View.php(234): include('C:\\xampp\\htdocs\\fs2024\\ci4_hotel\\app\\Views\\form_modificar_hotel.php')
 3 SYSTEMPATH\View\View.php(237): CodeIgniter\View\View->CodeIgniter\View\{closure}()
 4 SYSTEMPATH\Common.php(1171): CodeIgniter\View\View->render('form_modificar_hotel', [], true)
 5 APPPATH\Controllers\HotelesController.php(53): view('form_modificar_hotel', [...])
 6 SYSTEMPATH\CodeIgniter.php(933): App\Controllers\HotelesController->buscarHotel('3')
 7 SYSTEMPATH\CodeIgniter.php(509): CodeIgniter\CodeIgniter->runController(Object(App\Controllers\HotelesController))
 8 SYSTEMPATH\CodeIgniter.php(355): CodeIgniter\CodeIgniter->handleRequest(null, Object(Config\Cache), false)
 9 SYSTEMPATH\Boot.php(325): CodeIgniter\CodeIgniter->run()
10 SYSTEMPATH\Boot.php(67): CodeIgniter\Boot::runCodeIgniter(Object(CodeIgniter\CodeIgniter))
11 FCPATH\index.php(56): CodeIgniter\Boot::bootWeb(Object(Config\Paths))
CRITICAL - 2024-07-26 15:21:53 --> ErrorException: Undefined array key ""
[Method: GET, Route: buscar_hotel/3]
in APPPATH\Views\form_modificar_hotel.php on line 34.
 1 APPPATH\Views\form_modificar_hotel.php(34): CodeIgniter\Debug\Exceptions->errorHandler(2, 'Undefined array key ""', 'C:\\xampp\\htdocs\\fs2024\\ci4_hotel\\app\\Views\\form_modificar_hotel.php', 34)
 2 SYSTEMPATH\View\View.php(234): include('C:\\xampp\\htdocs\\fs2024\\ci4_hotel\\app\\Views\\form_modificar_hotel.php')
 3 SYSTEMPATH\View\View.php(237): CodeIgniter\View\View->CodeIgniter\View\{closure}()
 4 SYSTEMPATH\Common.php(1171): CodeIgniter\View\View->render('form_modificar_hotel', [], true)
 5 APPPATH\Controllers\HotelesController.php(53): view('form_modificar_hotel', [...])
 6 SYSTEMPATH\CodeIgniter.php(933): App\Controllers\HotelesController->buscarHotel('3')
 7 SYSTEMPATH\CodeIgniter.php(509): CodeIgniter\CodeIgniter->runController(Object(App\Controllers\HotelesController))
 8 SYSTEMPATH\CodeIgniter.php(355): CodeIgniter\CodeIgniter->handleRequest(null, Object(Config\Cache), false)
 9 SYSTEMPATH\Boot.php(325): CodeIgniter\CodeIgniter->run()
10 SYSTEMPATH\Boot.php(67): CodeIgniter\Boot::runCodeIgniter(Object(CodeIgniter\CodeIgniter))
11 FCPATH\index.php(56): CodeIgniter\Boot::bootWeb(Object(Config\Paths))
CRITICAL - 2024-07-26 15:30:49 --> ParseError: syntax error, unexpected token "|"
[Method: GET, Route: buscar_hotel/11]
in APPPATH\Controllers\HotelesController.php on line 51.
 1 SYSTEMPATH\Autoloader\Autoloader.php(296): CodeIgniter\Autoloader\Autoloader->includeFile('C:\\xampp\\htdocs\\fs2024\\ci4_hotel\\app\\Controllers\\HotelesController.php')
 2 SYSTEMPATH\Autoloader\Autoloader.php(272): CodeIgniter\Autoloader\Autoloader->loadInNamespace('App\\Controllers\\HotelesController')
 3 [internal function]: CodeIgniter\Autoloader\Autoloader->loadClass('App\\Controllers\\HotelesController')
 4 SYSTEMPATH\CodeIgniter.php(887): class_exists('\\App\\Controllers\\HotelesController', true)
 5 SYSTEMPATH\CodeIgniter.php(496): CodeIgniter\CodeIgniter->startController()
 6 SYSTEMPATH\CodeIgniter.php(355): CodeIgniter\CodeIgniter->handleRequest(null, Object(Config\Cache), false)
 7 SYSTEMPATH\Boot.php(325): CodeIgniter\CodeIgniter->run()
 8 SYSTEMPATH\Boot.php(67): CodeIgniter\Boot::runCodeIgniter(Object(CodeIgniter\CodeIgniter))
 9 FCPATH\index.php(56): CodeIgniter\Boot::bootWeb(Object(Config\Paths))
CRITICAL - 2024-07-26 15:30:51 --> ParseError: syntax error, unexpected token "|"
[Method: GET, Route: ver_hoteles]
in APPPATH\Controllers\HotelesController.php on line 51.
 1 SYSTEMPATH\Autoloader\Autoloader.php(296): CodeIgniter\Autoloader\Autoloader->includeFile('C:\\xampp\\htdocs\\fs2024\\ci4_hotel\\app\\Controllers\\HotelesController.php')
 2 SYSTEMPATH\Autoloader\Autoloader.php(272): CodeIgniter\Autoloader\Autoloader->loadInNamespace('App\\Controllers\\HotelesController')
 3 [internal function]: CodeIgniter\Autoloader\Autoloader->loadClass('App\\Controllers\\HotelesController')
 4 SYSTEMPATH\CodeIgniter.php(887): class_exists('\\App\\Controllers\\HotelesController', true)
 5 SYSTEMPATH\CodeIgniter.php(496): CodeIgniter\CodeIgniter->startController()
 6 SYSTEMPATH\CodeIgniter.php(355): CodeIgniter\CodeIgniter->handleRequest(null, Object(Config\Cache), false)
 7 SYSTEMPATH\Boot.php(325): CodeIgniter\CodeIgniter->run()
 8 SYSTEMPATH\Boot.php(67): CodeIgniter\Boot::runCodeIgniter(Object(CodeIgniter\CodeIgniter))
 9 FCPATH\index.php(56): CodeIgniter\Boot::bootWeb(Object(Config\Paths))
ERROR - 2024-07-26 15:57:07 --> mysqli_sql_exception: Cannot add or update a child row: a foreign key constraint fails (`bd_hotel`.`hoteles`, CONSTRAINT `hoteles_ibfk_3` FOREIGN KEY (`usuario_id`) REFERENCES `usuarios` (`usuario_id`)) in C:\xampp\htdocs\fs2024\ci4_hotel\system\Database\MySQLi\Connection.php:312
Stack trace:
#0 C:\xampp\htdocs\fs2024\ci4_hotel\system\Database\MySQLi\Connection.php(312): mysqli->query('UPDATE `hoteles...', 0)
#1 C:\xampp\htdocs\fs2024\ci4_hotel\system\Database\BaseConnection.php(734): CodeIgniter\Database\MySQLi\Connection->execute('UPDATE `hoteles...')
#2 C:\xampp\htdocs\fs2024\ci4_hotel\system\Database\BaseConnection.php(648): CodeIgniter\Database\BaseConnection->simpleQuery('UPDATE `hoteles...')
#3 C:\xampp\htdocs\fs2024\ci4_hotel\system\Database\BaseBuilder.php(2508): CodeIgniter\Database\BaseConnection->query('UPDATE `hoteles...', Array, false)
#4 C:\xampp\htdocs\fs2024\ci4_hotel\system\Model.php(461): CodeIgniter\Database\BaseBuilder->update()
#5 C:\xampp\htdocs\fs2024\ci4_hotel\system\BaseModel.php(1028): CodeIgniter\Model->doUpdate(Array, Array)
#6 C:\xampp\htdocs\fs2024\ci4_hotel\system\Model.php(865): CodeIgniter\BaseModel->update(Array, Array)
#7 C:\xampp\htdocs\fs2024\ci4_hotel\app\Controllers\HotelesController.php(70): CodeIgniter\Model->update('3', Array)
#8 C:\xampp\htdocs\fs2024\ci4_hotel\system\CodeIgniter.php(933): App\Controllers\HotelesController->modificarHotel()
#9 C:\xampp\htdocs\fs2024\ci4_hotel\system\CodeIgniter.php(509): CodeIgniter\CodeIgniter->runController(Object(App\Controllers\HotelesController))
#10 C:\xampp\htdocs\fs2024\ci4_hotel\system\CodeIgniter.php(355): CodeIgniter\CodeIgniter->handleRequest(NULL, Object(Config\Cache), false)
#11 C:\xampp\htdocs\fs2024\ci4_hotel\system\Boot.php(325): CodeIgniter\CodeIgniter->run()
#12 C:\xampp\htdocs\fs2024\ci4_hotel\system\Boot.php(67): CodeIgniter\Boot::runCodeIgniter(Object(CodeIgniter\CodeIgniter))
#13 C:\xampp\htdocs\fs2024\ci4_hotel\public\index.php(56): CodeIgniter\Boot::bootWeb(Object(Config\Paths))
#14 {main}
CRITICAL - 2024-07-26 15:57:07 --> CodeIgniter\Database\Exceptions\DatabaseException: Cannot add or update a child row: a foreign key constraint fails (`bd_hotel`.`hoteles`, CONSTRAINT `hoteles_ibfk_3` FOREIGN KEY (`usuario_id`) REFERENCES `usuarios` (`usuario_id`))
[Method: POST, Route: modificar_hotel]
in SYSTEMPATH\Database\BaseConnection.php on line 688.
 1 SYSTEMPATH\Database\BaseBuilder.php(2508): CodeIgniter\Database\BaseConnection->query('UPDATE `hoteles` SET `hotel_id` = :hotel_id:, `nombre` = :nombre:, `correoelectronico` = :correoelectronico:, `telefono` = :telefono:, `direccion` = :direccion:, `ciudad_id` = :ciudad_id:, `categoria_id` = :categoria_id:, `usuario_id` = :usuario_id:
WHERE `hoteles`.`hotel_id` IN :hoteles.hotel_id:', [...], false)
 2 SYSTEMPATH\Model.php(461): CodeIgniter\Database\BaseBuilder->update()
 3 SYSTEMPATH\BaseModel.php(1028): CodeIgniter\Model->doUpdate([...], [...])
 4 SYSTEMPATH\Model.php(865): CodeIgniter\BaseModel->update([...], [...])
 5 APPPATH\Controllers\HotelesController.php(70): CodeIgniter\Model->update('3', [...])
 6 SYSTEMPATH\CodeIgniter.php(933): App\Controllers\HotelesController->modificarHotel()
 7 SYSTEMPATH\CodeIgniter.php(509): CodeIgniter\CodeIgniter->runController(Object(App\Controllers\HotelesController))
 8 SYSTEMPATH\CodeIgniter.php(355): CodeIgniter\CodeIgniter->handleRequest(null, Object(Config\Cache), false)
 9 SYSTEMPATH\Boot.php(325): CodeIgniter\CodeIgniter->run()
10 SYSTEMPATH\Boot.php(67): CodeIgniter\Boot::runCodeIgniter(Object(CodeIgniter\CodeIgniter))
11 FCPATH\index.php(56): CodeIgniter\Boot::bootWeb(Object(Config\Paths))
CRITICAL - 2024-07-26 15:57:07 --> [Caused by] CodeIgniter\Database\Exceptions\DatabaseException: Cannot add or update a child row: a foreign key constraint fails (`bd_hotel`.`hoteles`, CONSTRAINT `hoteles_ibfk_3` FOREIGN KEY (`usuario_id`) REFERENCES `usuarios` (`usuario_id`))
in SYSTEMPATH\Database\MySQLi\Connection.php on line 317.
 1 SYSTEMPATH\Database\BaseConnection.php(734): CodeIgniter\Database\MySQLi\Connection->execute('UPDATE `hoteles` SET `hotel_id` = \'3\', `nombre` = \'Gran Tikal Futura Hotel\', `correoelectronico` = \'grantikhot@hotel.co\', `telefono` = \'20104789\', `direccion` = \'Calzada Roosevelt 22-43, Zona 11, Guatemala City, Guatemala\', `ciudad_id` = \'2\', `categoria_id` = \'103\', `usuario_id` = \'103\'
WHERE `hoteles`.`hotel_id` IN (\'3\')')
 2 SYSTEMPATH\Database\BaseConnection.php(648): CodeIgniter\Database\BaseConnection->simpleQuery('UPDATE `hoteles` SET `hotel_id` = \'3\', `nombre` = \'Gran Tikal Futura Hotel\', `correoelectronico` = \'grantikhot@hotel.co\', `telefono` = \'20104789\', `direccion` = \'Calzada Roosevelt 22-43, Zona 11, Guatemala City, Guatemala\', `ciudad_id` = \'2\', `categoria_id` = \'103\', `usuario_id` = \'103\'
WHERE `hoteles`.`hotel_id` IN (\'3\')')
 3 SYSTEMPATH\Database\BaseBuilder.php(2508): CodeIgniter\Database\BaseConnection->query('UPDATE `hoteles` SET `hotel_id` = :hotel_id:, `nombre` = :nombre:, `correoelectronico` = :correoelectronico:, `telefono` = :telefono:, `direccion` = :direccion:, `ciudad_id` = :ciudad_id:, `categoria_id` = :categoria_id:, `usuario_id` = :usuario_id:
WHERE `hoteles`.`hotel_id` IN :hoteles.hotel_id:', [...], false)
 4 SYSTEMPATH\Model.php(461): CodeIgniter\Database\BaseBuilder->update()
 5 SYSTEMPATH\BaseModel.php(1028): CodeIgniter\Model->doUpdate([...], [...])
 6 SYSTEMPATH\Model.php(865): CodeIgniter\BaseModel->update([...], [...])
 7 APPPATH\Controllers\HotelesController.php(70): CodeIgniter\Model->update('3', [...])
 8 SYSTEMPATH\CodeIgniter.php(933): App\Controllers\HotelesController->modificarHotel()
 9 SYSTEMPATH\CodeIgniter.php(509): CodeIgniter\CodeIgniter->runController(Object(App\Controllers\HotelesController))
10 SYSTEMPATH\CodeIgniter.php(355): CodeIgniter\CodeIgniter->handleRequest(null, Object(Config\Cache), false)
11 SYSTEMPATH\Boot.php(325): CodeIgniter\CodeIgniter->run()
12 SYSTEMPATH\Boot.php(67): CodeIgniter\Boot::runCodeIgniter(Object(CodeIgniter\CodeIgniter))
13 FCPATH\index.php(56): CodeIgniter\Boot::bootWeb(Object(Config\Paths))
CRITICAL - 2024-07-26 15:57:07 --> [Caused by] mysqli_sql_exception: Cannot add or update a child row: a foreign key constraint fails (`bd_hotel`.`hoteles`, CONSTRAINT `hoteles_ibfk_3` FOREIGN KEY (`usuario_id`) REFERENCES `usuarios` (`usuario_id`))
in SYSTEMPATH\Database\MySQLi\Connection.php on line 312.
 1 SYSTEMPATH\Database\MySQLi\Connection.php(312): mysqli->query('UPDATE `hoteles` SET `hotel_id` = \'3\', `nombre` = \'Gran Tikal Futura Hotel\', `correoelectronico` = \'grantikhot@hotel.co\', `telefono` = \'20104789\', `direccion` = \'Calzada Roosevelt 22-43, Zona 11, Guatemala City, Guatemala\', `ciudad_id` = \'2\', `categoria_id` = \'103\', `usuario_id` = \'103\'
WHERE `hoteles`.`hotel_id` IN (\'3\')', 0)
 2 SYSTEMPATH\Database\BaseConnection.php(734): CodeIgniter\Database\MySQLi\Connection->execute('UPDATE `hoteles` SET `hotel_id` = \'3\', `nombre` = \'Gran Tikal Futura Hotel\', `correoelectronico` = \'grantikhot@hotel.co\', `telefono` = \'20104789\', `direccion` = \'Calzada Roosevelt 22-43, Zona 11, Guatemala City, Guatemala\', `ciudad_id` = \'2\', `categoria_id` = \'103\', `usuario_id` = \'103\'
WHERE `hoteles`.`hotel_id` IN (\'3\')')
 3 SYSTEMPATH\Database\BaseConnection.php(648): CodeIgniter\Database\BaseConnection->simpleQuery('UPDATE `hoteles` SET `hotel_id` = \'3\', `nombre` = \'Gran Tikal Futura Hotel\', `correoelectronico` = \'grantikhot@hotel.co\', `telefono` = \'20104789\', `direccion` = \'Calzada Roosevelt 22-43, Zona 11, Guatemala City, Guatemala\', `ciudad_id` = \'2\', `categoria_id` = \'103\', `usuario_id` = \'103\'
WHERE `hoteles`.`hotel_id` IN (\'3\')')
 4 SYSTEMPATH\Database\BaseBuilder.php(2508): CodeIgniter\Database\BaseConnection->query('UPDATE `hoteles` SET `hotel_id` = :hotel_id:, `nombre` = :nombre:, `correoelectronico` = :correoelectronico:, `telefono` = :telefono:, `direccion` = :direccion:, `ciudad_id` = :ciudad_id:, `categoria_id` = :categoria_id:, `usuario_id` = :usuario_id:
WHERE `hoteles`.`hotel_id` IN :hoteles.hotel_id:', [...], false)
 5 SYSTEMPATH\Model.php(461): CodeIgniter\Database\BaseBuilder->update()
 6 SYSTEMPATH\BaseModel.php(1028): CodeIgniter\Model->doUpdate([...], [...])
 7 SYSTEMPATH\Model.php(865): CodeIgniter\BaseModel->update([...], [...])
 8 APPPATH\Controllers\HotelesController.php(70): CodeIgniter\Model->update('3', [...])
 9 SYSTEMPATH\CodeIgniter.php(933): App\Controllers\HotelesController->modificarHotel()
10 SYSTEMPATH\CodeIgniter.php(509): CodeIgniter\CodeIgniter->runController(Object(App\Controllers\HotelesController))
11 SYSTEMPATH\CodeIgniter.php(355): CodeIgniter\CodeIgniter->handleRequest(null, Object(Config\Cache), false)
12 SYSTEMPATH\Boot.php(325): CodeIgniter\CodeIgniter->run()
13 SYSTEMPATH\Boot.php(67): CodeIgniter\Boot::runCodeIgniter(Object(CodeIgniter\CodeIgniter))
14 FCPATH\index.php(56): CodeIgniter\Boot::bootWeb(Object(Config\Paths))
ERROR - 2024-07-26 15:57:27 --> mysqli_sql_exception: Cannot add or update a child row: a foreign key constraint fails (`bd_hotel`.`hoteles`, CONSTRAINT `hoteles_ibfk_3` FOREIGN KEY (`usuario_id`) REFERENCES `usuarios` (`usuario_id`)) in C:\xampp\htdocs\fs2024\ci4_hotel\system\Database\MySQLi\Connection.php:312
Stack trace:
#0 C:\xampp\htdocs\fs2024\ci4_hotel\system\Database\MySQLi\Connection.php(312): mysqli->query('UPDATE `hoteles...', 0)
#1 C:\xampp\htdocs\fs2024\ci4_hotel\system\Database\BaseConnection.php(734): CodeIgniter\Database\MySQLi\Connection->execute('UPDATE `hoteles...')
#2 C:\xampp\htdocs\fs2024\ci4_hotel\system\Database\BaseConnection.php(648): CodeIgniter\Database\BaseConnection->simpleQuery('UPDATE `hoteles...')
#3 C:\xampp\htdocs\fs2024\ci4_hotel\system\Database\BaseBuilder.php(2508): CodeIgniter\Database\BaseConnection->query('UPDATE `hoteles...', Array, false)
#4 C:\xampp\htdocs\fs2024\ci4_hotel\system\Model.php(461): CodeIgniter\Database\BaseBuilder->update()
#5 C:\xampp\htdocs\fs2024\ci4_hotel\system\BaseModel.php(1028): CodeIgniter\Model->doUpdate(Array, Array)
#6 C:\xampp\htdocs\fs2024\ci4_hotel\system\Model.php(865): CodeIgniter\BaseModel->update(Array, Array)
#7 C:\xampp\htdocs\fs2024\ci4_hotel\app\Controllers\HotelesController.php(70): CodeIgniter\Model->update('3', Array)
#8 C:\xampp\htdocs\fs2024\ci4_hotel\system\CodeIgniter.php(933): App\Controllers\HotelesController->modificarHotel()
#9 C:\xampp\htdocs\fs2024\ci4_hotel\system\CodeIgniter.php(509): CodeIgniter\CodeIgniter->runController(Object(App\Controllers\HotelesController))
#10 C:\xampp\htdocs\fs2024\ci4_hotel\system\CodeIgniter.php(355): CodeIgniter\CodeIgniter->handleRequest(NULL, Object(Config\Cache), false)
#11 C:\xampp\htdocs\fs2024\ci4_hotel\system\Boot.php(325): CodeIgniter\CodeIgniter->run()
#12 C:\xampp\htdocs\fs2024\ci4_hotel\system\Boot.php(67): CodeIgniter\Boot::runCodeIgniter(Object(CodeIgniter\CodeIgniter))
#13 C:\xampp\htdocs\fs2024\ci4_hotel\public\index.php(56): CodeIgniter\Boot::bootWeb(Object(Config\Paths))
#14 {main}
CRITICAL - 2024-07-26 15:57:27 --> CodeIgniter\Database\Exceptions\DatabaseException: Cannot add or update a child row: a foreign key constraint fails (`bd_hotel`.`hoteles`, CONSTRAINT `hoteles_ibfk_3` FOREIGN KEY (`usuario_id`) REFERENCES `usuarios` (`usuario_id`))
[Method: POST, Route: modificar_hotel]
in SYSTEMPATH\Database\BaseConnection.php on line 688.
 1 SYSTEMPATH\Database\BaseBuilder.php(2508): CodeIgniter\Database\BaseConnection->query('UPDATE `hoteles` SET `hotel_id` = :hotel_id:, `nombre` = :nombre:, `correoelectronico` = :correoelectronico:, `telefono` = :telefono:, `direccion` = :direccion:, `ciudad_id` = :ciudad_id:, `categoria_id` = :categoria_id:, `usuario_id` = :usuario_id:
WHERE `hoteles`.`hotel_id` IN :hoteles.hotel_id:', [...], false)
 2 SYSTEMPATH\Model.php(461): CodeIgniter\Database\BaseBuilder->update()
 3 SYSTEMPATH\BaseModel.php(1028): CodeIgniter\Model->doUpdate([...], [...])
 4 SYSTEMPATH\Model.php(865): CodeIgniter\BaseModel->update([...], [...])
 5 APPPATH\Controllers\HotelesController.php(70): CodeIgniter\Model->update('3', [...])
 6 SYSTEMPATH\CodeIgniter.php(933): App\Controllers\HotelesController->modificarHotel()
 7 SYSTEMPATH\CodeIgniter.php(509): CodeIgniter\CodeIgniter->runController(Object(App\Controllers\HotelesController))
 8 SYSTEMPATH\CodeIgniter.php(355): CodeIgniter\CodeIgniter->handleRequest(null, Object(Config\Cache), false)
 9 SYSTEMPATH\Boot.php(325): CodeIgniter\CodeIgniter->run()
10 SYSTEMPATH\Boot.php(67): CodeIgniter\Boot::runCodeIgniter(Object(CodeIgniter\CodeIgniter))
11 FCPATH\index.php(56): CodeIgniter\Boot::bootWeb(Object(Config\Paths))
CRITICAL - 2024-07-26 15:57:27 --> [Caused by] CodeIgniter\Database\Exceptions\DatabaseException: Cannot add or update a child row: a foreign key constraint fails (`bd_hotel`.`hoteles`, CONSTRAINT `hoteles_ibfk_3` FOREIGN KEY (`usuario_id`) REFERENCES `usuarios` (`usuario_id`))
in SYSTEMPATH\Database\MySQLi\Connection.php on line 317.
 1 SYSTEMPATH\Database\BaseConnection.php(734): CodeIgniter\Database\MySQLi\Connection->execute('UPDATE `hoteles` SET `hotel_id` = \'3\', `nombre` = \'Gran Tikal Futura Hotel\', `correoelectronico` = \'grantikhot@hotel.co\', `telefono` = \'20104789\', `direccion` = \'Calzada Rooseelt 22-43, Zona 11, Guatemala City, Guatemala\', `ciudad_id` = \'2\', `categoria_id` = \'103\', `usuario_id` = \'103\'
WHERE `hoteles`.`hotel_id` IN (\'3\')')
 2 SYSTEMPATH\Database\BaseConnection.php(648): CodeIgniter\Database\BaseConnection->simpleQuery('UPDATE `hoteles` SET `hotel_id` = \'3\', `nombre` = \'Gran Tikal Futura Hotel\', `correoelectronico` = \'grantikhot@hotel.co\', `telefono` = \'20104789\', `direccion` = \'Calzada Rooseelt 22-43, Zona 11, Guatemala City, Guatemala\', `ciudad_id` = \'2\', `categoria_id` = \'103\', `usuario_id` = \'103\'
WHERE `hoteles`.`hotel_id` IN (\'3\')')
 3 SYSTEMPATH\Database\BaseBuilder.php(2508): CodeIgniter\Database\BaseConnection->query('UPDATE `hoteles` SET `hotel_id` = :hotel_id:, `nombre` = :nombre:, `correoelectronico` = :correoelectronico:, `telefono` = :telefono:, `direccion` = :direccion:, `ciudad_id` = :ciudad_id:, `categoria_id` = :categoria_id:, `usuario_id` = :usuario_id:
WHERE `hoteles`.`hotel_id` IN :hoteles.hotel_id:', [...], false)
 4 SYSTEMPATH\Model.php(461): CodeIgniter\Database\BaseBuilder->update()
 5 SYSTEMPATH\BaseModel.php(1028): CodeIgniter\Model->doUpdate([...], [...])
 6 SYSTEMPATH\Model.php(865): CodeIgniter\BaseModel->update([...], [...])
 7 APPPATH\Controllers\HotelesController.php(70): CodeIgniter\Model->update('3', [...])
 8 SYSTEMPATH\CodeIgniter.php(933): App\Controllers\HotelesController->modificarHotel()
 9 SYSTEMPATH\CodeIgniter.php(509): CodeIgniter\CodeIgniter->runController(Object(App\Controllers\HotelesController))
10 SYSTEMPATH\CodeIgniter.php(355): CodeIgniter\CodeIgniter->handleRequest(null, Object(Config\Cache), false)
11 SYSTEMPATH\Boot.php(325): CodeIgniter\CodeIgniter->run()
12 SYSTEMPATH\Boot.php(67): CodeIgniter\Boot::runCodeIgniter(Object(CodeIgniter\CodeIgniter))
13 FCPATH\index.php(56): CodeIgniter\Boot::bootWeb(Object(Config\Paths))
CRITICAL - 2024-07-26 15:57:27 --> [Caused by] mysqli_sql_exception: Cannot add or update a child row: a foreign key constraint fails (`bd_hotel`.`hoteles`, CONSTRAINT `hoteles_ibfk_3` FOREIGN KEY (`usuario_id`) REFERENCES `usuarios` (`usuario_id`))
in SYSTEMPATH\Database\MySQLi\Connection.php on line 312.
 1 SYSTEMPATH\Database\MySQLi\Connection.php(312): mysqli->query('UPDATE `hoteles` SET `hotel_id` = \'3\', `nombre` = \'Gran Tikal Futura Hotel\', `correoelectronico` = \'grantikhot@hotel.co\', `telefono` = \'20104789\', `direccion` = \'Calzada Rooseelt 22-43, Zona 11, Guatemala City, Guatemala\', `ciudad_id` = \'2\', `categoria_id` = \'103\', `usuario_id` = \'103\'
WHERE `hoteles`.`hotel_id` IN (\'3\')', 0)
 2 SYSTEMPATH\Database\BaseConnection.php(734): CodeIgniter\Database\MySQLi\Connection->execute('UPDATE `hoteles` SET `hotel_id` = \'3\', `nombre` = \'Gran Tikal Futura Hotel\', `correoelectronico` = \'grantikhot@hotel.co\', `telefono` = \'20104789\', `direccion` = \'Calzada Rooseelt 22-43, Zona 11, Guatemala City, Guatemala\', `ciudad_id` = \'2\', `categoria_id` = \'103\', `usuario_id` = \'103\'
WHERE `hoteles`.`hotel_id` IN (\'3\')')
 3 SYSTEMPATH\Database\BaseConnection.php(648): CodeIgniter\Database\BaseConnection->simpleQuery('UPDATE `hoteles` SET `hotel_id` = \'3\', `nombre` = \'Gran Tikal Futura Hotel\', `correoelectronico` = \'grantikhot@hotel.co\', `telefono` = \'20104789\', `direccion` = \'Calzada Rooseelt 22-43, Zona 11, Guatemala City, Guatemala\', `ciudad_id` = \'2\', `categoria_id` = \'103\', `usuario_id` = \'103\'
WHERE `hoteles`.`hotel_id` IN (\'3\')')
 4 SYSTEMPATH\Database\BaseBuilder.php(2508): CodeIgniter\Database\BaseConnection->query('UPDATE `hoteles` SET `hotel_id` = :hotel_id:, `nombre` = :nombre:, `correoelectronico` = :correoelectronico:, `telefono` = :telefono:, `direccion` = :direccion:, `ciudad_id` = :ciudad_id:, `categoria_id` = :categoria_id:, `usuario_id` = :usuario_id:
WHERE `hoteles`.`hotel_id` IN :hoteles.hotel_id:', [...], false)
 5 SYSTEMPATH\Model.php(461): CodeIgniter\Database\BaseBuilder->update()
 6 SYSTEMPATH\BaseModel.php(1028): CodeIgniter\Model->doUpdate([...], [...])
 7 SYSTEMPATH\Model.php(865): CodeIgniter\BaseModel->update([...], [...])
 8 APPPATH\Controllers\HotelesController.php(70): CodeIgniter\Model->update('3', [...])
 9 SYSTEMPATH\CodeIgniter.php(933): App\Controllers\HotelesController->modificarHotel()
10 SYSTEMPATH\CodeIgniter.php(509): CodeIgniter\CodeIgniter->runController(Object(App\Controllers\HotelesController))
11 SYSTEMPATH\CodeIgniter.php(355): CodeIgniter\CodeIgniter->handleRequest(null, Object(Config\Cache), false)
12 SYSTEMPATH\Boot.php(325): CodeIgniter\CodeIgniter->run()
13 SYSTEMPATH\Boot.php(67): CodeIgniter\Boot::runCodeIgniter(Object(CodeIgniter\CodeIgniter))
14 FCPATH\index.php(56): CodeIgniter\Boot::bootWeb(Object(Config\Paths))
ERROR - 2024-07-26 15:58:36 --> mysqli_sql_exception: Cannot add or update a child row: a foreign key constraint fails (`bd_hotel`.`hoteles`, CONSTRAINT `hoteles_ibfk_3` FOREIGN KEY (`usuario_id`) REFERENCES `usuarios` (`usuario_id`)) in C:\xampp\htdocs\fs2024\ci4_hotel\system\Database\MySQLi\Connection.php:312
Stack trace:
#0 C:\xampp\htdocs\fs2024\ci4_hotel\system\Database\MySQLi\Connection.php(312): mysqli->query('UPDATE `hoteles...', 0)
#1 C:\xampp\htdocs\fs2024\ci4_hotel\system\Database\BaseConnection.php(734): CodeIgniter\Database\MySQLi\Connection->execute('UPDATE `hoteles...')
#2 C:\xampp\htdocs\fs2024\ci4_hotel\system\Database\BaseConnection.php(648): CodeIgniter\Database\BaseConnection->simpleQuery('UPDATE `hoteles...')
#3 C:\xampp\htdocs\fs2024\ci4_hotel\system\Database\BaseBuilder.php(2508): CodeIgniter\Database\BaseConnection->query('UPDATE `hoteles...', Array, false)
#4 C:\xampp\htdocs\fs2024\ci4_hotel\system\Model.php(461): CodeIgniter\Database\BaseBuilder->update()
#5 C:\xampp\htdocs\fs2024\ci4_hotel\system\BaseModel.php(1028): CodeIgniter\Model->doUpdate(Array, Array)
#6 C:\xampp\htdocs\fs2024\ci4_hotel\system\Model.php(865): CodeIgniter\BaseModel->update(Array, Array)
#7 C:\xampp\htdocs\fs2024\ci4_hotel\app\Controllers\HotelesController.php(70): CodeIgniter\Model->update('3', Array)
#8 C:\xampp\htdocs\fs2024\ci4_hotel\system\CodeIgniter.php(933): App\Controllers\HotelesController->modificarHotel()
#9 C:\xampp\htdocs\fs2024\ci4_hotel\system\CodeIgniter.php(509): CodeIgniter\CodeIgniter->runController(Object(App\Controllers\HotelesController))
#10 C:\xampp\htdocs\fs2024\ci4_hotel\system\CodeIgniter.php(355): CodeIgniter\CodeIgniter->handleRequest(NULL, Object(Config\Cache), false)
#11 C:\xampp\htdocs\fs2024\ci4_hotel\system\Boot.php(325): CodeIgniter\CodeIgniter->run()
#12 C:\xampp\htdocs\fs2024\ci4_hotel\system\Boot.php(67): CodeIgniter\Boot::runCodeIgniter(Object(CodeIgniter\CodeIgniter))
#13 C:\xampp\htdocs\fs2024\ci4_hotel\public\index.php(56): CodeIgniter\Boot::bootWeb(Object(Config\Paths))
#14 {main}
CRITICAL - 2024-07-26 15:58:36 --> CodeIgniter\Database\Exceptions\DatabaseException: Cannot add or update a child row: a foreign key constraint fails (`bd_hotel`.`hoteles`, CONSTRAINT `hoteles_ibfk_3` FOREIGN KEY (`usuario_id`) REFERENCES `usuarios` (`usuario_id`))
[Method: POST, Route: modificar_hotel]
in SYSTEMPATH\Database\BaseConnection.php on line 688.
 1 SYSTEMPATH\Database\BaseBuilder.php(2508): CodeIgniter\Database\BaseConnection->query('UPDATE `hoteles` SET `hotel_id` = :hotel_id:, `nombre` = :nombre:, `correoelectronico` = :correoelectronico:, `telefono` = :telefono:, `direccion` = :direccion:, `ciudad_id` = :ciudad_id:, `categoria_id` = :categoria_id:, `usuario_id` = :usuario_id:
WHERE `hoteles`.`hotel_id` IN :hoteles.hotel_id:', [...], false)
 2 SYSTEMPATH\Model.php(461): CodeIgniter\Database\BaseBuilder->update()
 3 SYSTEMPATH\BaseModel.php(1028): CodeIgniter\Model->doUpdate([...], [...])
 4 SYSTEMPATH\Model.php(865): CodeIgniter\BaseModel->update([...], [...])
 5 APPPATH\Controllers\HotelesController.php(70): CodeIgniter\Model->update('3', [...])
 6 SYSTEMPATH\CodeIgniter.php(933): App\Controllers\HotelesController->modificarHotel()
 7 SYSTEMPATH\CodeIgniter.php(509): CodeIgniter\CodeIgniter->runController(Object(App\Controllers\HotelesController))
 8 SYSTEMPATH\CodeIgniter.php(355): CodeIgniter\CodeIgniter->handleRequest(null, Object(Config\Cache), false)
 9 SYSTEMPATH\Boot.php(325): CodeIgniter\CodeIgniter->run()
10 SYSTEMPATH\Boot.php(67): CodeIgniter\Boot::runCodeIgniter(Object(CodeIgniter\CodeIgniter))
11 FCPATH\index.php(56): CodeIgniter\Boot::bootWeb(Object(Config\Paths))
CRITICAL - 2024-07-26 15:58:36 --> [Caused by] CodeIgniter\Database\Exceptions\DatabaseException: Cannot add or update a child row: a foreign key constraint fails (`bd_hotel`.`hoteles`, CONSTRAINT `hoteles_ibfk_3` FOREIGN KEY (`usuario_id`) REFERENCES `usuarios` (`usuario_id`))
in SYSTEMPATH\Database\MySQLi\Connection.php on line 317.
 1 SYSTEMPATH\Database\BaseConnection.php(734): CodeIgniter\Database\MySQLi\Connection->execute('UPDATE `hoteles` SET `hotel_id` = \'3\', `nombre` = \'Gran Tikal Futura Hotel\', `correoelectronico` = \'grantikhot@hotel.co\', `telefono` = \'20104789\', `direccion` = \'Calzada Rooseelt 22-43, Zona 11, Guatemala City, Guatemala\', `ciudad_id` = \'2\', `categoria_id` = \'103\', `usuario_id` = \'103\'
WHERE `hoteles`.`hotel_id` IN (\'3\')')
 2 SYSTEMPATH\Database\BaseConnection.php(648): CodeIgniter\Database\BaseConnection->simpleQuery('UPDATE `hoteles` SET `hotel_id` = \'3\', `nombre` = \'Gran Tikal Futura Hotel\', `correoelectronico` = \'grantikhot@hotel.co\', `telefono` = \'20104789\', `direccion` = \'Calzada Rooseelt 22-43, Zona 11, Guatemala City, Guatemala\', `ciudad_id` = \'2\', `categoria_id` = \'103\', `usuario_id` = \'103\'
WHERE `hoteles`.`hotel_id` IN (\'3\')')
 3 SYSTEMPATH\Database\BaseBuilder.php(2508): CodeIgniter\Database\BaseConnection->query('UPDATE `hoteles` SET `hotel_id` = :hotel_id:, `nombre` = :nombre:, `correoelectronico` = :correoelectronico:, `telefono` = :telefono:, `direccion` = :direccion:, `ciudad_id` = :ciudad_id:, `categoria_id` = :categoria_id:, `usuario_id` = :usuario_id:
WHERE `hoteles`.`hotel_id` IN :hoteles.hotel_id:', [...], false)
 4 SYSTEMPATH\Model.php(461): CodeIgniter\Database\BaseBuilder->update()
 5 SYSTEMPATH\BaseModel.php(1028): CodeIgniter\Model->doUpdate([...], [...])
 6 SYSTEMPATH\Model.php(865): CodeIgniter\BaseModel->update([...], [...])
 7 APPPATH\Controllers\HotelesController.php(70): CodeIgniter\Model->update('3', [...])
 8 SYSTEMPATH\CodeIgniter.php(933): App\Controllers\HotelesController->modificarHotel()
 9 SYSTEMPATH\CodeIgniter.php(509): CodeIgniter\CodeIgniter->runController(Object(App\Controllers\HotelesController))
10 SYSTEMPATH\CodeIgniter.php(355): CodeIgniter\CodeIgniter->handleRequest(null, Object(Config\Cache), false)
11 SYSTEMPATH\Boot.php(325): CodeIgniter\CodeIgniter->run()
12 SYSTEMPATH\Boot.php(67): CodeIgniter\Boot::runCodeIgniter(Object(CodeIgniter\CodeIgniter))
13 FCPATH\index.php(56): CodeIgniter\Boot::bootWeb(Object(Config\Paths))
CRITICAL - 2024-07-26 15:58:36 --> [Caused by] mysqli_sql_exception: Cannot add or update a child row: a foreign key constraint fails (`bd_hotel`.`hoteles`, CONSTRAINT `hoteles_ibfk_3` FOREIGN KEY (`usuario_id`) REFERENCES `usuarios` (`usuario_id`))
in SYSTEMPATH\Database\MySQLi\Connection.php on line 312.
 1 SYSTEMPATH\Database\MySQLi\Connection.php(312): mysqli->query('UPDATE `hoteles` SET `hotel_id` = \'3\', `nombre` = \'Gran Tikal Futura Hotel\', `correoelectronico` = \'grantikhot@hotel.co\', `telefono` = \'20104789\', `direccion` = \'Calzada Rooseelt 22-43, Zona 11, Guatemala City, Guatemala\', `ciudad_id` = \'2\', `categoria_id` = \'103\', `usuario_id` = \'103\'
WHERE `hoteles`.`hotel_id` IN (\'3\')', 0)
 2 SYSTEMPATH\Database\BaseConnection.php(734): CodeIgniter\Database\MySQLi\Connection->execute('UPDATE `hoteles` SET `hotel_id` = \'3\', `nombre` = \'Gran Tikal Futura Hotel\', `correoelectronico` = \'grantikhot@hotel.co\', `telefono` = \'20104789\', `direccion` = \'Calzada Rooseelt 22-43, Zona 11, Guatemala City, Guatemala\', `ciudad_id` = \'2\', `categoria_id` = \'103\', `usuario_id` = \'103\'
WHERE `hoteles`.`hotel_id` IN (\'3\')')
 3 SYSTEMPATH\Database\BaseConnection.php(648): CodeIgniter\Database\BaseConnection->simpleQuery('UPDATE `hoteles` SET `hotel_id` = \'3\', `nombre` = \'Gran Tikal Futura Hotel\', `correoelectronico` = \'grantikhot@hotel.co\', `telefono` = \'20104789\', `direccion` = \'Calzada Rooseelt 22-43, Zona 11, Guatemala City, Guatemala\', `ciudad_id` = \'2\', `categoria_id` = \'103\', `usuario_id` = \'103\'
WHERE `hoteles`.`hotel_id` IN (\'3\')')
 4 SYSTEMPATH\Database\BaseBuilder.php(2508): CodeIgniter\Database\BaseConnection->query('UPDATE `hoteles` SET `hotel_id` = :hotel_id:, `nombre` = :nombre:, `correoelectronico` = :correoelectronico:, `telefono` = :telefono:, `direccion` = :direccion:, `ciudad_id` = :ciudad_id:, `categoria_id` = :categoria_id:, `usuario_id` = :usuario_id:
WHERE `hoteles`.`hotel_id` IN :hoteles.hotel_id:', [...], false)
 5 SYSTEMPATH\Model.php(461): CodeIgniter\Database\BaseBuilder->update()
 6 SYSTEMPATH\BaseModel.php(1028): CodeIgniter\Model->doUpdate([...], [...])
 7 SYSTEMPATH\Model.php(865): CodeIgniter\BaseModel->update([...], [...])
 8 APPPATH\Controllers\HotelesController.php(70): CodeIgniter\Model->update('3', [...])
 9 SYSTEMPATH\CodeIgniter.php(933): App\Controllers\HotelesController->modificarHotel()
10 SYSTEMPATH\CodeIgniter.php(509): CodeIgniter\CodeIgniter->runController(Object(App\Controllers\HotelesController))
11 SYSTEMPATH\CodeIgniter.php(355): CodeIgniter\CodeIgniter->handleRequest(null, Object(Config\Cache), false)
12 SYSTEMPATH\Boot.php(325): CodeIgniter\CodeIgniter->run()
13 SYSTEMPATH\Boot.php(67): CodeIgniter\Boot::runCodeIgniter(Object(CodeIgniter\CodeIgniter))
14 FCPATH\index.php(56): CodeIgniter\Boot::bootWeb(Object(Config\Paths))
